<?xml version="1.0" encoding="UTF-8"?>
<testsuite name="ru.yandex.YandexScriptsTestOne" tests="1" skipped="0" failures="1" errors="0" timestamp="2020-04-18T19:44:12" hostname="LAPTOP-QKC3I26M" time="14.624">
  <properties/>
  <testcase name="testYandex" classname="ru.yandex.YandexScriptsTestOne" time="14.624">
    <failure message="org.openqa.selenium.NoSuchWindowException: no such window&#10;  (Session info: chrome=80.0.3987.163)&#10;Build info: version: '3.141.59', revision: 'e82be7d358', time: '2018-11-14T08:17:03'&#10;System info: host: 'LAPTOP-QKC3I26M', ip: '192.168.74.1', os.name: 'Windows 10', os.arch: 'amd64', os.version: '10.0', java.version: '11.0.5'&#10;Driver info: org.openqa.selenium.chrome.ChromeDriver&#10;Capabilities {acceptInsecureCerts: false, browserName: chrome, browserVersion: 80.0.3987.163, chrome: {chromedriverVersion: 80.0.3987.106 (f68069574609..., userDataDir: C:\Users\natit\AppData\Loca...}, goog:chromeOptions: {debuggerAddress: localhost:4427}, javascriptEnabled: true, networkConnectionEnabled: false, pageLoadStrategy: normal, platform: WINDOWS, platformName: WINDOWS, proxy: Proxy(), setWindowRect: true, strictFileInteractability: false, timeouts: {implicit: 0, pageLoad: 300000, script: 30000}, unhandledPromptBehavior: dismiss and notify}&#10;Session ID: 5a0b1db93cbade2e2144496f083921c8" type="org.openqa.selenium.NoSuchWindowException">org.openqa.selenium.NoSuchWindowException: no such window
  (Session info: chrome=80.0.3987.163)
Build info: version: '3.141.59', revision: 'e82be7d358', time: '2018-11-14T08:17:03'
System info: host: 'LAPTOP-QKC3I26M', ip: '192.168.74.1', os.name: 'Windows 10', os.arch: 'amd64', os.version: '10.0', java.version: '11.0.5'
Driver info: org.openqa.selenium.chrome.ChromeDriver
Capabilities {acceptInsecureCerts: false, browserName: chrome, browserVersion: 80.0.3987.163, chrome: {chromedriverVersion: 80.0.3987.106 (f68069574609..., userDataDir: C:\Users\natit\AppData\Loca...}, goog:chromeOptions: {debuggerAddress: localhost:4427}, javascriptEnabled: true, networkConnectionEnabled: false, pageLoadStrategy: normal, platform: WINDOWS, platformName: WINDOWS, proxy: Proxy(), setWindowRect: true, strictFileInteractability: false, timeouts: {implicit: 0, pageLoad: 300000, script: 30000}, unhandledPromptBehavior: dismiss and notify}
Session ID: 5a0b1db93cbade2e2144496f083921c8
	at java.base/jdk.internal.reflect.NativeConstructorAccessorImpl.newInstance0(Native Method)
	at java.base/jdk.internal.reflect.NativeConstructorAccessorImpl.newInstance(NativeConstructorAccessorImpl.java:62)
	at java.base/jdk.internal.reflect.DelegatingConstructorAccessorImpl.newInstance(DelegatingConstructorAccessorImpl.java:45)
	at java.base/java.lang.reflect.Constructor.newInstance(Constructor.java:490)
	at org.openqa.selenium.remote.http.W3CHttpResponseCodec.createException(W3CHttpResponseCodec.java:187)
	at org.openqa.selenium.remote.http.W3CHttpResponseCodec.decode(W3CHttpResponseCodec.java:122)
	at org.openqa.selenium.remote.http.W3CHttpResponseCodec.decode(W3CHttpResponseCodec.java:49)
	at org.openqa.selenium.remote.HttpCommandExecutor.execute(HttpCommandExecutor.java:158)
	at org.openqa.selenium.remote.service.DriverCommandExecutor.execute(DriverCommandExecutor.java:83)
	at org.openqa.selenium.remote.RemoteWebDriver.execute(RemoteWebDriver.java:552)
	at org.openqa.selenium.remote.RemoteWebDriver$RemoteTargetLocator.window(RemoteWebDriver.java:903)
	at ru.yandex.YandexScriptsTestOne.testYandex(YandexScriptsTestOne.java:15)
	at java.base/jdk.internal.reflect.NativeMethodAccessorImpl.invoke0(Native Method)
	at java.base/jdk.internal.reflect.NativeMethodAccessorImpl.invoke(NativeMethodAccessorImpl.java:62)
	at java.base/jdk.internal.reflect.DelegatingMethodAccessorImpl.invoke(DelegatingMethodAccessorImpl.java:43)
	at java.base/java.lang.reflect.Method.invoke(Method.java:566)
	at org.junit.runners.model.FrameworkMethod$1.runReflectiveCall(FrameworkMethod.java:50)
	at org.junit.internal.runners.model.ReflectiveCallable.run(ReflectiveCallable.java:12)
	at org.junit.runners.model.FrameworkMethod.invokeExplosively(FrameworkMethod.java:47)
	at org.junit.internal.runners.statements.InvokeMethod.evaluate(InvokeMethod.java:17)
	at org.junit.internal.runners.statements.RunBefores.evaluate(RunBefores.java:26)
	at org.junit.internal.runners.statements.RunAfters.evaluate(RunAfters.java:27)
	at org.junit.runners.ParentRunner.runLeaf(ParentRunner.java:325)
	at org.junit.runners.BlockJUnit4ClassRunner.runChild(BlockJUnit4ClassRunner.java:78)
	at org.junit.runners.BlockJUnit4ClassRunner.runChild(BlockJUnit4ClassRunner.java:57)
	at org.junit.runners.ParentRunner$3.run(ParentRunner.java:290)
	at org.junit.runners.ParentRunner$1.schedule(ParentRunner.java:71)
	at org.junit.runners.ParentRunner.runChildren(ParentRunner.java:288)
	at org.junit.runners.ParentRunner.access$000(ParentRunner.java:58)
	at org.junit.runners.ParentRunner$2.evaluate(ParentRunner.java:268)
	at org.junit.runners.ParentRunner.run(ParentRunner.java:363)
	at org.gradle.api.internal.tasks.testing.junit.JUnitTestClassExecutor.runTestClass(JUnitTestClassExecutor.java:110)
	at org.gradle.api.internal.tasks.testing.junit.JUnitTestClassExecutor.execute(JUnitTestClassExecutor.java:58)
	at org.gradle.api.internal.tasks.testing.junit.JUnitTestClassExecutor.execute(JUnitTestClassExecutor.java:38)
	at org.gradle.api.internal.tasks.testing.junit.AbstractJUnitTestClassProcessor.processTestClass(AbstractJUnitTestClassProcessor.java:62)
	at org.gradle.api.internal.tasks.testing.SuiteTestClassProcessor.processTestClass(SuiteTestClassProcessor.java:51)
	at java.base/jdk.internal.reflect.NativeMethodAccessorImpl.invoke0(Native Method)
	at java.base/jdk.internal.reflect.NativeMethodAccessorImpl.invoke(NativeMethodAccessorImpl.java:62)
	at java.base/jdk.internal.reflect.DelegatingMethodAccessorImpl.invoke(DelegatingMethodAccessorImpl.java:43)
	at java.base/java.lang.reflect.Method.invoke(Method.java:566)
	at org.gradle.internal.dispatch.ReflectionDispatch.dispatch(ReflectionDispatch.java:35)
	at org.gradle.internal.dispatch.ReflectionDispatch.dispatch(ReflectionDispatch.java:24)
	at org.gradle.internal.dispatch.ContextClassLoaderDispatch.dispatch(ContextClassLoaderDispatch.java:32)
	at org.gradle.internal.dispatch.ProxyDispatchAdapter$DispatchingInvocationHandler.invoke(ProxyDispatchAdapter.java:93)
	at com.sun.proxy.$Proxy2.processTestClass(Unknown Source)
	at org.gradle.api.internal.tasks.testing.worker.TestWorker.processTestClass(TestWorker.java:118)
	at java.base/jdk.internal.reflect.NativeMethodAccessorImpl.invoke0(Native Method)
	at java.base/jdk.internal.reflect.NativeMethodAccessorImpl.invoke(NativeMethodAccessorImpl.java:62)
	at java.base/jdk.internal.reflect.DelegatingMethodAccessorImpl.invoke(DelegatingMethodAccessorImpl.java:43)
	at java.base/java.lang.reflect.Method.invoke(Method.java:566)
	at org.gradle.internal.dispatch.ReflectionDispatch.dispatch(ReflectionDispatch.java:35)
	at org.gradle.internal.dispatch.ReflectionDispatch.dispatch(ReflectionDispatch.java:24)
	at org.gradle.internal.remote.internal.hub.MessageHubBackedObjectConnection$DispatchWrapper.dispatch(MessageHubBackedObjectConnection.java:175)
	at org.gradle.internal.remote.internal.hub.MessageHubBackedObjectConnection$DispatchWrapper.dispatch(MessageHubBackedObjectConnection.java:157)
	at org.gradle.internal.remote.internal.hub.MessageHub$Handler.run(MessageHub.java:404)
	at org.gradle.internal.concurrent.ExecutorPolicy$CatchAndRecordFailures.onExecute(ExecutorPolicy.java:63)
	at org.gradle.internal.concurrent.ManagedExecutorImpl$1.run(ManagedExecutorImpl.java:46)
	at java.base/java.util.concurrent.ThreadPoolExecutor.runWorker(ThreadPoolExecutor.java:1128)
	at java.base/java.util.concurrent.ThreadPoolExecutor$Worker.run(ThreadPoolExecutor.java:628)
	at org.gradle.internal.concurrent.ThreadFactoryImpl$ManagedThreadRunnable.run(ThreadFactoryImpl.java:55)
	at java.base/java.lang.Thread.run(Thread.java:834)
</failure>
  </testcase>
  <system-out><![CDATA[]]></system-out>
  <system-err><![CDATA[Starting ChromeDriver 80.0.3987.106 (f68069574609230cf9b635cd784cfb1bf81bb53a-refs/branch-heads/3987@{#882}) on port 35584
Only local connections are allowed.
Please protect ports used by ChromeDriver and related test frameworks to prevent access by malicious code.
апр. 18, 2020 10:44:14 PM org.openqa.selenium.remote.ProtocolHandshake createSession
INFO: Detected dialect: W3C
[1587239056.486][SEVERE]: Timed out receiving message from renderer: 0.100
[1587239056.626][SEVERE]: Timed out receiving message from renderer: 0.100
[1587239057.299][SEVERE]: Timed out receiving message from renderer: 0.100
[1587239057.648][SEVERE]: Timed out receiving message from renderer: 0.100
[1587239058.000][SEVERE]: Timed out receiving message from renderer: 0.100
[1587239058.183][SEVERE]: Timed out receiving message from renderer: 0.100
[1587239058.537][SEVERE]: Timed out receiving message from renderer: 0.100
[1587239058.640][SEVERE]: Timed out receiving message from renderer: 0.100
[1587239058.741][SEVERE]: Timed out receiving message from renderer: 0.100
[1587239058.843][SEVERE]: Timed out receiving message from renderer: 0.100
[1587239060.807][SEVERE]: Timed out receiving message from renderer: 0.100
[1587239060.924][SEVERE]: Timed out receiving message from renderer: 0.100
[1587239061.255][SEVERE]: Timed out receiving message from renderer: 0.100
[1587239061.357][SEVERE]: Timed out receiving message from renderer: 0.100
[1587239061.460][SEVERE]: Timed out receiving message from renderer: 0.100
[1587239061.563][SEVERE]: Timed out receiving message from renderer: 0.100
[1587239061.665][SEVERE]: Timed out receiving message from renderer: 0.100
[1587239061.767][SEVERE]: Timed out receiving message from renderer: 0.100
[1587239061.870][SEVERE]: Timed out receiving message from renderer: 0.100
[1587239061.972][SEVERE]: Timed out receiving message from renderer: 0.100
[1587239062.075][SEVERE]: Timed out receiving message from renderer: 0.100
[1587239062.176][SEVERE]: Timed out receiving message from renderer: 0.100
[1587239062.279][SEVERE]: Timed out receiving message from renderer: 0.100
[1587239062.380][SEVERE]: Timed out receiving message from renderer: 0.100
[1587239062.482][SEVERE]: Timed out receiving message from renderer: 0.100
[1587239062.586][SEVERE]: Timed out receiving message from renderer: 0.100
[1587239062.688][SEVERE]: Timed out receiving message from renderer: 0.100
[1587239062.789][SEVERE]: Timed out receiving message from renderer: 0.100
[1587239062.992][SEVERE]: Timed out receiving message from renderer: 0.100
[1587239063.093][SEVERE]: Timed out receiving message from renderer: 0.100
[1587239063.200][SEVERE]: Timed out receiving message from renderer: 0.100
[1587239063.302][SEVERE]: Timed out receiving message from renderer: 0.100
[1587239063.404][SEVERE]: Timed out receiving message from renderer: 0.100
[1587239063.841][SEVERE]: Timed out receiving message from renderer: 0.100
[1587239064.218][SEVERE]: Timed out receiving message from renderer: 0.100
[1587239064.655][SEVERE]: Timed out receiving message from renderer: 0.100
[1587239064.758][SEVERE]: Timed out receiving message from renderer: 0.100
[1587239064.862][SEVERE]: Timed out receiving message from renderer: 0.100
[1587239064.967][SEVERE]: Timed out receiving message from renderer: 0.100
[1587239065.224][SEVERE]: Timed out receiving message from renderer: 0.100
]]></system-err>
</testsuite>
