<!DOCTYPE suite SYSTEM "https://testng.org/testng-1.0.dtd" >

<suite name="Suite1" verbose="1" >
    <test name="Yandex" >
        <classes>
            <class name="ru.yandex.tests.YandexScriptsTestOne" />
            <class name="ru.yandex.tests.YandexScriptsTestTwo" />
        </classes>
    </test>
</suite>